11:30:33 scenario.file.loc[Ljava.lang.String;@1ad282e0
11:30:33 loading BDD file: scenarios/test.bdd
11:30:33 total test found: 1
11:30:34 

Executing scenario: testOrbitz - end to end
11:30:34 pkg: com.qmetry.qaf.automation.step
11:30:34 pkg: com.orbitz.steps
11:30:34 Found duplicate step to load [] with [lower] prority then []
11:30:34 Invoking Teststep: Given Given command to open broswer
11:30:50 Completed Teststep: Given Given command to open broswer
11:30:50 Invoking Teststep: When When the user is on homepage click on flights
11:30:53 Completed Teststep: When When the user is on homepage click on flights
11:30:53 Invoking Teststep: And And when the user is on flights page click on flights only
11:30:53 Completed Teststep: And And when the user is on flights page click on flights only
11:30:53 Invoking Teststep: And And when the user is on flights page click on one way
11:30:53 Completed Teststep: And And when the user is on flights page click on one way
11:30:53 Invoking Teststep: And And when the user is booking one way enter origin and destination
11:30:53 Invoking Teststep: sendKeys {text} into {loc} with arguments: [Pune, id.flightsorigin.flightspage]
11:30:53 Completed Teststep: sendKeys {text} into {loc} with arguments: [Pune, id.flightsorigin.flightspage]
11:30:53 Completed Teststep: And And when the user is booking one way enter origin and destination
11:30:53 Invoking Teststep: And And enter departing date for one way booking
11:30:54 Invoking Teststep: sendKeys {text} into {loc} with arguments: [02/14/2018, id.flightdeparting.flightspage]
11:30:54 Completed Teststep: sendKeys {text} into {loc} with arguments: [02/14/2018, id.flightdeparting.flightspage]
11:30:54 Completed Teststep: And And enter departing date for one way booking
11:30:54 Invoking Teststep: Then Then click on Search
11:30:54 Failure Teststep: Then Then click on Search
org.openqa.selenium.WebDriverException: unknown error: Element <input id="flight-departing" data-wizard-action="{&quot;startDate&quot; : &quot;$value1&quot;}" class="  datepicker-trigger-input" type="text" placeholder="mm/dd/yyyy" data-cal-version="touch-keyboard" aria-required="true" value="" data-tid="flight-departing" data-min-range-length="0" data-last-valid-date="01/08/2019" data-max-range-length="330" aria-label=" Departing date, in MM/DD/YYYY format expanded. Enter a date or choose one from the table below.    expanded. Enter a date or choose one from the table below. Showing FEB 2018 MAR 2018"> is not clickable at point (231, 461). Other element would receive the click: <div class="multiLineDisplay">...</div>
  (Session info: chrome=64.0.3282.140)
  (Driver info: chromedriver=2.33.506120 (e3e53437346286c0bc2d2dc9aa4915ba81d9023f),platform=Windows NT 10.0.10586 x86_64) (WARNING: The server did not provide any stacktrace information)
Command duration or timeout: 27 milliseconds
Build info: version: '2.53.0', revision: '35ae25b1534ae328c771e0856c93e187490ca824', time: '2016-03-15 10:43:46'
System info: host: 'ICPL11492', ip: '10.11.31.100', os.name: 'Windows 10', os.arch: 'amd64', os.version: '10.0', java.version: '1.8.0_144'
Driver info: com.qmetry.qaf.automation.ui.webdriver.QAFExtendedWebDriver
Capabilities [{applicationCacheEnabled=false, rotatable=false, mobileEmulationEnabled=false, networkConnectionEnabled=false, chrome={chromedriverVersion=2.33.506120 (e3e53437346286c0bc2d2dc9aa4915ba81d9023f), userDataDir=C:\Users\RAVITE~1.PAL\AppData\Local\Temp\scoped_dir7492_17258}, takesHeapSnapshot=true, pageLoadStrategy=normal, databaseEnabled=false, handlesAlerts=true, hasTouchScreen=false, version=64.0.3282.140, platform=XP, browserConnectionEnabled=false, nativeEvents=true, acceptSslCerts=true, locationContextEnabled=true, webStorageEnabled=true, browserName=chrome, takesScreenshot=true, javascriptEnabled=true, cssSelectorsEnabled=true, setWindowRect=true, unexpectedAlertBehaviour=}]
Session ID: c56201c117bdd2713e5fde8b3e03a9ac
	at sun.reflect.NativeConstructorAccessorImpl.newInstance0(Native Method)
	at sun.reflect.NativeConstructorAccessorImpl.newInstance(NativeConstructorAccessorImpl.java:62)
	at sun.reflect.DelegatingConstructorAccessorImpl.newInstance(DelegatingConstructorAccessorImpl.java:45)
	at java.lang.reflect.Constructor.newInstance(Constructor.java:423)
	at org.openqa.selenium.remote.ErrorHandler.createThrowable(ErrorHandler.java:206)
	at org.openqa.selenium.remote.ErrorHandler.throwIfResponseFailed(ErrorHandler.java:158)
	at org.openqa.selenium.remote.RemoteWebDriver.execute(RemoteWebDriver.java:678)
	at com.qmetry.qaf.automation.ui.webdriver.QAFExtendedWebDriver.executeWitoutLog(QAFExtendedWebDriver.java:256)
	at com.qmetry.qaf.automation.ui.webdriver.QAFExtendedWebElement.execute(QAFExtendedWebElement.java:252)
	at org.openqa.selenium.remote.RemoteWebElement.click(RemoteWebElement.java:85)
	at com.qmetry.qaf.automation.step.CommonStep.click_aroundBody50(CommonStep.java:648)
	at com.qmetry.qaf.automation.step.CommonStep$AjcClosure51.run(CommonStep.java:1)
	at org.aspectj.runtime.reflect.JoinPointImpl.proceed(JoinPointImpl.java:149)
	at com.qmetry.qaf.automation.step.JavaStepReporter.javaTestStep(JavaStepReporter.java:101)
	at com.qmetry.qaf.automation.step.CommonStep.click(CommonStep.java:647)
	at com.orbitz.steps.FlightsPageSteps.clickOnSearchButton(FlightsPageSteps.java:68)
	at sun.reflect.NativeMethodAccessorImpl.invoke0(Native Method)
	at sun.reflect.NativeMethodAccessorImpl.invoke(NativeMethodAccessorImpl.java:62)
	at sun.reflect.DelegatingMethodAccessorImpl.invoke(DelegatingMethodAccessorImpl.java:43)
	at java.lang.reflect.Method.invoke(Method.java:498)
	at com.qmetry.qaf.automation.step.JavaStep.doExecute(JavaStep.java:160)
	at com.qmetry.qaf.automation.step.BaseTestStep.execute(BaseTestStep.java:149)
	at com.qmetry.qaf.automation.step.StringTestStep.execute(StringTestStep.java:134)
	at com.qmetry.qaf.automation.step.client.Scenario.execute(Scenario.java:167)
	at com.qmetry.qaf.automation.step.client.Scenario.scenario(Scenario.java:219)
	at sun.reflect.NativeMethodAccessorImpl.invoke0(Native Method)
	at sun.reflect.NativeMethodAccessorImpl.invoke(NativeMethodAccessorImpl.java:62)
	at sun.reflect.DelegatingMethodAccessorImpl.invoke(DelegatingMethodAccessorImpl.java:43)
	at java.lang.reflect.Method.invoke(Method.java:498)
	at org.testng.internal.MethodInvocationHelper.invokeMethod(MethodInvocationHelper.java:104)
	at org.testng.internal.Invoker.invokeMethod(Invoker.java:645)
	at org.testng.internal.Invoker.invokeTestMethod(Invoker.java:851)
	at org.testng.internal.Invoker.invokeTestMethods(Invoker.java:1177)
	at org.testng.internal.TestMethodWorker.invokeTestMethods(TestMethodWorker.java:129)
	at org.testng.internal.TestMethodWorker.run(TestMethodWorker.java:112)
	at org.testng.TestRunner.privateRun(TestRunner.java:781)
	at org.testng.TestRunner.run(TestRunner.java:635)
	at org.testng.SuiteRunner.runTest(SuiteRunner.java:387)
	at org.testng.SuiteRunner.runSequentially(SuiteRunner.java:382)
	at org.testng.SuiteRunner.privateRun(SuiteRunner.java:340)
	at org.testng.SuiteRunner.run(SuiteRunner.java:289)
	at org.testng.SuiteRunnerWorker.runSuite(SuiteRunnerWorker.java:52)
	at org.testng.SuiteRunnerWorker.run(SuiteRunnerWorker.java:86)
	at org.testng.TestNG.runSuitesSequentially(TestNG.java:1293)
	at org.testng.TestNG.runSuitesLocally(TestNG.java:1218)
	at org.testng.TestNG.runSuites(TestNG.java:1133)
	at org.testng.TestNG.run(TestNG.java:1104)
	at org.testng.remote.AbstractRemoteTestNG.run(AbstractRemoteTestNG.java:114)
	at org.testng.remote.RemoteTestNG.initAndRun(RemoteTestNG.java:251)
	at org.testng.remote.RemoteTestNG.main(RemoteTestNG.java:77)
11:30:54 Completed Teststep: Then Then click on Search
11:30:54 Competed scenario: testOrbitz with status FAILURE
