18:41:16 scenario.file.loc[Ljava.lang.String;@5db250b4
18:41:16 loading BDD file: scenarios/test.bdd
18:41:16 total test found: 1
18:41:16 

Executing scenario: testOrbitz - end to end
18:41:16 Test Data{origin=Hyderabad, India (HYD-Rajiv Gandhi Intl.), destination=Mumbai, India (BOM-Chhatrapati Shivaji Intl.)}
18:41:16 pkg: com.qmetry.qaf.automation.step
18:41:16 pkg: com.orbitz.steps
18:41:16 Found duplicate step to load [] with [lower] prority then []
18:41:16 Invoking Teststep: Given Given command to open broswer
18:41:28 Completed Teststep: Given Given command to open broswer
18:41:28 Invoking Teststep: When When the user is on homepage click on flights
18:41:30 Completed Teststep: When When the user is on homepage click on flights
18:41:30 Invoking Teststep: And And when the user is on flights page click on flights only
18:41:30 Completed Teststep: And And when the user is on flights page click on flights only
18:41:30 Invoking Teststep: And And when the user is on flights page click on one way
18:41:30 Completed Teststep: And And when the user is on flights page click on one way
18:41:30 Invoking Teststep: And And when the user is booking one way enter origin and destination
18:41:30 Failure Teststep: And And when the user is booking one way enter origin and destination
java.lang.RuntimeException: Wrong number of parameters, Expected 1 parameters but Actual is 0
	at com.qmetry.qaf.automation.step.JavaStep.processArgs(JavaStep.java:223)
	at com.qmetry.qaf.automation.step.JavaStep.doExecute(JavaStep.java:160)
	at com.qmetry.qaf.automation.step.BaseTestStep.execute(BaseTestStep.java:149)
	at com.qmetry.qaf.automation.step.StringTestStep.execute(StringTestStep.java:134)
	at com.qmetry.qaf.automation.step.client.Scenario.execute(Scenario.java:167)
	at com.qmetry.qaf.automation.step.client.DataDrivenScenario.scenario(DataDrivenScenario.java:95)
	at sun.reflect.NativeMethodAccessorImpl.invoke0(Native Method)
	at sun.reflect.NativeMethodAccessorImpl.invoke(NativeMethodAccessorImpl.java:62)
	at sun.reflect.DelegatingMethodAccessorImpl.invoke(DelegatingMethodAccessorImpl.java:43)
	at java.lang.reflect.Method.invoke(Method.java:498)
	at org.testng.internal.MethodInvocationHelper.invokeMethod(MethodInvocationHelper.java:104)
	at org.testng.internal.Invoker.invokeMethod(Invoker.java:645)
	at org.testng.internal.Invoker.invokeTestMethod(Invoker.java:851)
	at org.testng.internal.Invoker.invokeTestMethods(Invoker.java:1177)
	at org.testng.internal.TestMethodWorker.invokeTestMethods(TestMethodWorker.java:129)
	at org.testng.internal.TestMethodWorker.run(TestMethodWorker.java:112)
	at org.testng.TestRunner.privateRun(TestRunner.java:781)
	at org.testng.TestRunner.run(TestRunner.java:635)
	at org.testng.SuiteRunner.runTest(SuiteRunner.java:387)
	at org.testng.SuiteRunner.runSequentially(SuiteRunner.java:382)
	at org.testng.SuiteRunner.privateRun(SuiteRunner.java:340)
	at org.testng.SuiteRunner.run(SuiteRunner.java:289)
	at org.testng.SuiteRunnerWorker.runSuite(SuiteRunnerWorker.java:52)
	at org.testng.SuiteRunnerWorker.run(SuiteRunnerWorker.java:86)
	at org.testng.TestNG.runSuitesSequentially(TestNG.java:1293)
	at org.testng.TestNG.runSuitesLocally(TestNG.java:1218)
	at org.testng.TestNG.runSuites(TestNG.java:1133)
	at org.testng.TestNG.run(TestNG.java:1104)
	at org.testng.remote.AbstractRemoteTestNG.run(AbstractRemoteTestNG.java:114)
	at org.testng.remote.RemoteTestNG.initAndRun(RemoteTestNG.java:251)
	at org.testng.remote.RemoteTestNG.main(RemoteTestNG.java:77)
18:41:30 Completed Teststep: And And when the user is booking one way enter origin and destination
18:41:30 Competed scenario: testOrbitz with status FAILURE
