<html>
<head>
<title>TestNG:  BDD Test</title>
<link href="../testng.css" rel="stylesheet" type="text/css" />
<link href="../my-testng.css" rel="stylesheet" type="text/css" />

<style type="text/css">
.log { display: none;} 
.stack-trace { display: none;} 
</style>
<script type="text/javascript">
<!--
function flip(e) {
  current = e.style.display;
  if (current == 'block') {
    e.style.display = 'none';
    return 0;
  }
  else {
    e.style.display = 'block';
    return 1;
  }
}

function toggleBox(szDivId, elem, msg1, msg2)
{
  var res = -1;  if (document.getElementById) {
    res = flip(document.getElementById(szDivId));
  }
  else if (document.all) {
    // this is the way old msie versions work
    res = flip(document.all[szDivId]);
  }
  if(elem) {
    if(res == 0) elem.innerHTML = msg1; else elem.innerHTML = msg2;
  }

}

function toggleAllBoxes() {
  if (document.getElementsByTagName) {
    d = document.getElementsByTagName('div');
    for (i = 0; i < d.length; i++) {
      if (d[i].className == 'log') {
        flip(d[i]);
      }
    }
  }
}

// -->
</script>

</head>
<body>
<h2 align='center'>BDD Test</h2><table border='1' align="center">
<tr>
<td>Tests passed/Failed/Skipped:</td><td>0/2/0</td>
</tr><tr>
<td>Started on:</td><td>Thu Feb 22 18:50:56 IST 2018</td>
</tr>
<tr><td>Total time:</td><td>34 seconds (34806 ms)</td>
</tr><tr>
<td>Included groups:</td><td></td>
</tr><tr>
<td>Excluded groups:</td><td></td>
</tr>
</table><p/>
<small><i>(Hover the method name to see the test class name)</i></small><p/>
<table width='100%' border='1' class='invocation-failed'>
<tr><td colspan='4' align='center'><b>FAILED TESTS</b></td></tr>
<tr><td><b>Test method</b></td>
<td width="30%"><b>Exception</b></td>
<td width="10%"><b>Time (seconds)</b></td>
<td><b>Instance</b></td>
</tr>
<tr>
<td title='com.qmetry.qaf.automation.step.client.DataDrivenScenario.testOrbitz()'><b>testOrbitz</b><br>Test class: com.qmetry.qaf.automation.step.client.DataDrivenScenario (testOrbitz)<br>Test method: end to end<br>Parameters: {origin=Hyderabad, India (HYD-Rajiv Gandhi Intl.), destination=Mumbai, India (BOM-Chhatrapati Shivaji Intl.)}<br/>
<a href="#Output-1603696865" onClick='toggleBox("Output-1603696865", this, "Show output", "Hide output");'>Show output</a>

<a href="#Output-1603696865" onClick="toggleAllBoxes();">Show all outputs</a>
<div class='log' id="Output-1603696865">
Opned browser<br/>
Clicked on flights<br/>
Clciked On flights only<br/>
Clicked on One Way<br/>
Entered Origin<br/>
Entered Destination<br/>
Selected Date<br/>
Clciked On search<br/>
<div style="display:block;margin-left:10px;"><div  class="teststeppass"><span class="teststeppass-label">T </span>Given Given command to open broswer</div><div  class="teststeppass"><span class="teststeppass-label">T </span>When When the user is on homepage click on flights</div><div  class="teststeppass"><span class="teststeppass-label">T </span>And And when the user is on flights page click on flights only</div><div  class="teststeppass"><span class="teststeppass-label">T </span>And And when the user is on flights page click on one way</div><div  class="teststeppass"><span class="teststeppass-label">T </span>And And when the user is booking one way enter 'Hyderabad, India (HYD-Rajiv Gandhi Intl.)' and 'Mumbai, India (BOM-Chhatrapati Shivaji Intl.)'</div><div  class="teststeppass"><span class="teststeppass-label">T </span>And And enter departing date for one way booking</div><div style="display:block;margin-left:10px;"><div  class="teststeppass"><span class="teststeppass-label">T </span>sendKeys '02/24/2018' into 'id.flightdeparting.flightspage'</div><div  class="teststeppass"><span class="teststeppass-label">T </span>click on 'xpath.calendarclosebutton.flightspage'</div></div><div  class="teststeppass"><span class="teststeppass-label">T </span>And And click on Search</div><div  class="teststepfail"><span class="teststepfail-label">T </span>Then Then verify search results <a href="test-results/22_Feb_2018_06_50_PM/img/testOrbitz_8iepvrtr8ucx31557.png" target="_blank">[View Screenshot]</a> </div><div style="display:block;margin-left:10px;"><div  class="fail"><span class="fail-label">F </span>
Expected: a value greater than &lt;0&gt;
     Actual: &lt;0&gt; was equal to &lt;0&gt; <a href="test-results/22_Feb_2018_06_50_PM/img/testOrbitz_8iepvrtr8ucx31557.png" target="_blank">[View Screenshot]</a> </div></div></div><br/>
</div>
</td>
<td></td>
<td>26</td>
<td>com.qmetry.qaf.automation.step.client.DataDrivenScenario@3e8</td></tr>
<tr>
<td title='com.qmetry.qaf.automation.step.client.DataDrivenScenario.testOrbitz()'><b>testOrbitz</b><br>Test class: com.qmetry.qaf.automation.step.client.DataDrivenScenario (testOrbitz)<br>Test method: end to end<br>Parameters: {origin=Pune, destination=Delhi}<br/>
<a href="#Output-3565780" onClick='toggleBox("Output-3565780", this, "Show output", "Hide output");'>Show output</a>

<a href="#Output-3565780" onClick="toggleAllBoxes();">Show all outputs</a>
<div class='log' id="Output-3565780">
Opned browser<br/>
Clicked on flights<br/>
Clciked On flights only<br/>
Clicked on One Way<br/>
Entered Origin<br/>
Entered Destination<br/>
<div style="display:block;margin-left:10px;"><div  class="teststeppass"><span class="teststeppass-label">T </span>Given Given command to open broswer</div><div  class="teststeppass"><span class="teststeppass-label">T </span>When When the user is on homepage click on flights</div><div  class="teststeppass"><span class="teststeppass-label">T </span>And And when the user is on flights page click on flights only</div><div  class="teststeppass"><span class="teststeppass-label">T </span>And And when the user is on flights page click on one way</div><div  class="teststeppass"><span class="teststeppass-label">T </span>And And when the user is booking one way enter 'Pune' and 'Delhi'</div><div  class="teststepfail"><span class="teststepfail-label">T </span>And And enter departing date for one way booking <a href="test-results/22_Feb_2018_06_50_PM/img/testOrbitz_1vwbpz85w4moy31558.png" target="_blank">[View Screenshot]</a> </div><div style="display:block;margin-left:10px;"><div  class="teststeppass"><span class="teststeppass-label">T </span>sendKeys '02/24/2018' into 'id.flightdeparting.flightspage'</div><div  class="teststepfail"><span class="teststepfail-label">T </span>click on 'xpath.calendarclosebutton.flightspage'</div><div style="display:block;margin-left:10px;"><div  class="fail"><span class="fail-label">F </span>org.openqa.selenium.WebDriverException: unknown error: Element <button type="button" class="datepicker-close-btn close btn-text">...</button> is not clickable at point (554, 738). Other element would receive the click: <footer data-tid="typeahead-footer" class="footer" role="application">...</footer>
  (Session info: chrome=64.0.3282.167)
  (Driver info: chromedriver=2.33.506120 (e3e53437346286c0bc2d2dc9aa4915ba81d9023f),platform=Windows NT 10.0.10586 x86_64) (WARNING: The server did not provide any stacktrace information)
Command duration or timeout: 67 milliseconds
Build info: version: '2.53.0', revision: '35ae25b1534ae328c771e0856c93e187490ca824', time: '2016-03-15 10:43:46'
System info: host: 'ICPL11492', ip: '192.168.238.2', os.name: 'Windows 10', os.arch: 'amd64', os.version: '10.0', java.version: '1.8.0_144'
Driver info: com.qmetry.qaf.automation.ui.webdriver.QAFExtendedWebDriver
Capabilities [{applicationCacheEnabled=false, rotatable=false, mobileEmulationEnabled=false, networkConnectionEnabled=false, chrome={chromedriverVersion=2.33.506120 (e3e53437346286c0bc2d2dc9aa4915ba81d9023f), userDataDir=C:\Users\RAVITE~1.PAL\AppData\Local\Temp\scoped_dir14508_16491}, takesHeapSnapshot=true, pageLoadStrategy=normal, databaseEnabled=false, handlesAlerts=true, hasTouchScreen=false, version=64.0.3282.167, platform=XP, browserConnectionEnabled=false, nativeEvents=true, acceptSslCerts=true, locationContextEnabled=true, webStorageEnabled=true, browserName=chrome, takesScreenshot=true, javascriptEnabled=true, cssSelectorsEnabled=true, setWindowRect=true, unexpectedAlertBehaviour=}]
Session ID: 4b6ccce61a4e91fcb8f383cdabbe99d9</div></div><div  class="fail"><span class="fail-label">F </span>unknown error: Element <button type="button" class="datepicker-close-btn close btn-text">...</button> is not clickable at point (554, 738). Other element would receive the click: <footer data-tid="typeahead-footer" class="footer" role="application">...</footer>
  (Session info: chrome=64.0.3282.167)
  (Driver info: chromedriver=2.33.506120 (e3e53437346286c0bc2d2dc9aa4915ba81d9023f),platform=Windows NT 10.0.10586 x86_64) (WARNING: The server did not provide any stacktrace information)
Command duration or timeout: 67 milliseconds
Build info: version: '2.53.0', revision: '35ae25b1534ae328c771e0856c93e187490ca824', time: '2016-03-15 10:43:46'
System info: host: 'ICPL11492', ip: '192.168.238.2', os.name: 'Windows 10', os.arch: 'amd64', os.version: '10.0', java.version: '1.8.0_144'
Driver info: com.qmetry.qaf.automation.ui.webdriver.QAFExtendedWebDriver
Capabilities [{applicationCacheEnabled=false, rotatable=false, mobileEmulationEnabled=false, networkConnectionEnabled=false, chrome={chromedriverVersion=2.33.506120 (e3e53437346286c0bc2d2dc9aa4915ba81d9023f), userDataDir=C:\Users\RAVITE~1.PAL\AppData\Local\Temp\scoped_dir14508_16491}, takesHeapSnapshot=true, pageLoadStrategy=normal, databaseEnabled=false, handlesAlerts=true, hasTouchScreen=false, version=64.0.3282.167, platform=XP, browserConnectionEnabled=false, nativeEvents=true, acceptSslCerts=true, locationContextEnabled=true, webStorageEnabled=true, browserName=chrome, takesScreenshot=true, javascriptEnabled=true, cssSelectorsEnabled=true, setWindowRect=true, unexpectedAlertBehaviour=}]
Session ID: 4b6ccce61a4e91fcb8f383cdabbe99d9</div></div><div  class="teststep"><span class="teststep-label">T </span>And And click on Search</div><div  class="teststep"><span class="teststep-label">T </span>Then Then verify search results</div></div><br/>
</div>
</td>
<td><div><pre>org.openqa.selenium.WebDriverException: unknown error: Element &lt;button type=&quot;button&quot; class=&quot;datepicker-close-btn close btn-text&quot;&gt;...&lt;/button&gt; is not clickable at point (554, 738). Other element would receive the click: &lt;footer data-tid=&quot;typeahead-footer&quot; class=&quot;footer&quot; role=&quot;application&quot;&gt;...&lt;/footer&gt;
  (Session info: chrome=64.0.3282.167)
  (Driver info: chromedriver=2.33.506120 (e3e53437346286c0bc2d2dc9aa4915ba81d9023f),platform=Windows NT 10.0.10586 x86_64) (WARNING: The server did not provide any stacktrace information)
Command duration or timeout: 67 milliseconds
Build info: version: &apos;2.53.0&apos;, revision: &apos;35ae25b1534ae328c771e0856c93e187490ca824&apos;, time: &apos;2016-03-15 10:43:46&apos;
System info: host: &apos;ICPL11492&apos;, ip: &apos;192.168.238.2&apos;, os.name: &apos;Windows 10&apos;, os.arch: &apos;amd64&apos;, os.version: &apos;10.0&apos;, java.version: &apos;1.8.0_144&apos;
Driver info: com.qmetry.qaf.automation.ui.webdriver.QAFExtendedWebDriver
Capabilities [{applicationCacheEnabled=false, rotatable=false, mobileEmulationEnabled=false, networkConnectionEnabled=false, chrome={chromedriverVersion=2.33.506120 (e3e53437346286c0bc2d2dc9aa4915ba81d9023f), userDataDir=C:\Users\RAVITE~1.PAL\AppData\Local\Temp\scoped_dir14508_16491}, takesHeapSnapshot=true, pageLoadStrategy=normal, databaseEnabled=false, handlesAlerts=true, hasTouchScreen=false, version=64.0.3282.167, platform=XP, browserConnectionEnabled=false, nativeEvents=true, acceptSslCerts=true, locationContextEnabled=true, webStorageEnabled=true, browserName=chrome, takesScreenshot=true, javascriptEnabled=true, cssSelectorsEnabled=true, setWindowRect=true, unexpectedAlertBehaviour=}]
Session ID: 4b6ccce61a4e91fcb8f383cdabbe99d9
	at .And And enter departing date for one way booking(scenarios/test.bdd:11)
	at org.openqa.selenium.remote.ErrorHandler.createThrowable(ErrorHandler.java:206)
	at org.openqa.selenium.remote.ErrorHandler.throwIfResponseFailed(ErrorHandler.java:158)
	at org.openqa.selenium.remote.RemoteWebDriver.execute(RemoteWebDriver.java:678)
	at com.qmetry.qaf.automation.ui.webdriver.QAFExtendedWebDriver.executeWitoutLog(QAFExtendedWebDriver.java:256)
	at com.qmetry.qaf.automation.ui.webdriver.QAFExtendedWebElement.execute(QAFExtendedWebElement.java:252)
	at org.openqa.selenium.remote.RemoteWebElement.click(RemoteWebElement.java:85)
	at com.qmetry.qaf.automation.step.CommonStep.click_aroundBody50(CommonStep.java:648)
	at com.qmetry.qaf.automation.step.JavaStepReporter$MockJavaStep.doExecute(JavaStepReporter.java:138)
	at com.qmetry.qaf.automation.step.BaseTestStep.execute(BaseTestStep.java:149)
	at com.qmetry.qaf.automation.step.JavaStepReporter.javaTestStep(JavaStepReporter.java:88)
	at com.qmetry.qaf.automation.step.CommonStep.click(CommonStep.java:647)
	at com.orbitz.steps.FlightsPageSteps.selectingDepartingDate(FlightsPageSteps.java:87)
	at com.qmetry.qaf.automation.step.JavaStep.doExecute(JavaStep.java:160)
	at com.qmetry.qaf.automation.step.BaseTestStep.execute(BaseTestStep.java:149)
	at com.qmetry.qaf.automation.step.StringTestStep.execute(StringTestStep.java:134)
	at com.qmetry.qaf.automation.step.client.Scenario.execute(Scenario.java:167)
	at com.qmetry.qaf.automation.step.client.DataDrivenScenario.scenario(DataDrivenScenario.java:95)
</pre></div><a href='#' onClick='toggleBox("stack-trace3565780", this, "Click to show all stack frames", "Click to hide stack frames")'>Click to show all stack frames</a>
<div class='stack-trace' id='stack-trace3565780'><pre>org.openqa.selenium.WebDriverException: unknown error: Element &lt;button type=&quot;button&quot; class=&quot;datepicker-close-btn close btn-text&quot;&gt;...&lt;/button&gt; is not clickable at point (554, 738). Other element would receive the click: &lt;footer data-tid=&quot;typeahead-footer&quot; class=&quot;footer&quot; role=&quot;application&quot;&gt;...&lt;/footer&gt;
  (Session info: chrome=64.0.3282.167)
  (Driver info: chromedriver=2.33.506120 (e3e53437346286c0bc2d2dc9aa4915ba81d9023f),platform=Windows NT 10.0.10586 x86_64) (WARNING: The server did not provide any stacktrace information)
Command duration or timeout: 67 milliseconds
Build info: version: &apos;2.53.0&apos;, revision: &apos;35ae25b1534ae328c771e0856c93e187490ca824&apos;, time: &apos;2016-03-15 10:43:46&apos;
System info: host: &apos;ICPL11492&apos;, ip: &apos;192.168.238.2&apos;, os.name: &apos;Windows 10&apos;, os.arch: &apos;amd64&apos;, os.version: &apos;10.0&apos;, java.version: &apos;1.8.0_144&apos;
Driver info: com.qmetry.qaf.automation.ui.webdriver.QAFExtendedWebDriver
Capabilities [{applicationCacheEnabled=false, rotatable=false, mobileEmulationEnabled=false, networkConnectionEnabled=false, chrome={chromedriverVersion=2.33.506120 (e3e53437346286c0bc2d2dc9aa4915ba81d9023f), userDataDir=C:\Users\RAVITE~1.PAL\AppData\Local\Temp\scoped_dir14508_16491}, takesHeapSnapshot=true, pageLoadStrategy=normal, databaseEnabled=false, handlesAlerts=true, hasTouchScreen=false, version=64.0.3282.167, platform=XP, browserConnectionEnabled=false, nativeEvents=true, acceptSslCerts=true, locationContextEnabled=true, webStorageEnabled=true, browserName=chrome, takesScreenshot=true, javascriptEnabled=true, cssSelectorsEnabled=true, setWindowRect=true, unexpectedAlertBehaviour=}]
Session ID: 4b6ccce61a4e91fcb8f383cdabbe99d9
	at .And And enter departing date for one way booking(scenarios/test.bdd:11)
	at org.openqa.selenium.remote.ErrorHandler.createThrowable(ErrorHandler.java:206)
	at org.openqa.selenium.remote.ErrorHandler.throwIfResponseFailed(ErrorHandler.java:158)
	at org.openqa.selenium.remote.RemoteWebDriver.execute(RemoteWebDriver.java:678)
	at com.qmetry.qaf.automation.ui.webdriver.QAFExtendedWebDriver.executeWitoutLog(QAFExtendedWebDriver.java:256)
	at com.qmetry.qaf.automation.ui.webdriver.QAFExtendedWebElement.execute(QAFExtendedWebElement.java:252)
	at org.openqa.selenium.remote.RemoteWebElement.click(RemoteWebElement.java:85)
	at com.qmetry.qaf.automation.step.CommonStep.click_aroundBody50(CommonStep.java:648)
	at com.qmetry.qaf.automation.step.JavaStepReporter$MockJavaStep.doExecute(JavaStepReporter.java:138)
	at com.qmetry.qaf.automation.step.BaseTestStep.execute(BaseTestStep.java:149)
	at com.qmetry.qaf.automation.step.JavaStepReporter.javaTestStep(JavaStepReporter.java:88)
	at com.qmetry.qaf.automation.step.CommonStep.click(CommonStep.java:647)
	at com.orbitz.steps.FlightsPageSteps.selectingDepartingDate(FlightsPageSteps.java:87)
	at com.qmetry.qaf.automation.step.JavaStep.doExecute(JavaStep.java:160)
	at com.qmetry.qaf.automation.step.BaseTestStep.execute(BaseTestStep.java:149)
	at com.qmetry.qaf.automation.step.StringTestStep.execute(StringTestStep.java:134)
	at com.qmetry.qaf.automation.step.client.Scenario.execute(Scenario.java:167)
	at com.qmetry.qaf.automation.step.client.DataDrivenScenario.scenario(DataDrivenScenario.java:95)
</pre></div></td>
<td>7</td>
<td>com.qmetry.qaf.automation.step.client.DataDrivenScenario@3e8</td></tr>
</table><p>
</body>
</html>